<?xml version="1.0" encoding="utf-8"?><testsuites name="pytest tests"><testsuite name="pytest" errors="0" failures="0" skipped="0" tests="10" time="3.369" timestamp="2026-03-12T07:57:52.068937+00:00" hostname="agent-env-a3074db0-12a1-46a9-80c1-6e46a54c77ff"><testcase classname="backend.tests.test_subscription.TestSubscriptionAPI" name="test_create_order_requires_auth" time="0.150" /><testcase classname="backend.tests.test_subscription.TestSubscriptionAPI" name="test_create_order_forbidden_for_regular_user" time="0.464" /><testcase classname="backend.tests.test_subscription.TestSubscriptionAPI" name="test_create_order_success_for_service_provider" time="1.291" /><testcase classname="backend.tests.test_subscription.TestSubscriptionAPI" name="test_subscription_status_requires_auth" time="0.101" /><testcase classname="backend.tests.test_subscription.TestSubscriptionAPI" name="test_subscription_status_for_regular_user" time="0.101" /><testcase classname="backend.tests.test_subscription.TestSubscriptionAPI" name="test_subscription_status_for_service_provider" time="0.109" /><testcase classname="backend.tests.test_subscription.TestSubscriptionAPI" name="test_verify_endpoint_exists" time="0.122" /><testcase classname="backend.tests.test_subscription.TestSubscriptionAPI" name="test_verify_requires_auth" time="0.112" /><testcase classname="backend.tests.test_subscription.TestSubscriptionAPIFormat" name="test_create_order_returns_razorpay_key" time="0.753" /><testcase classname="backend.tests.test_subscription.TestSubscriptionAPIFormat" name="test_subscription_status_includes_features" time="0.106" /></testsuite></testsuites>