<?xml version="1.0" encoding="utf-8"?><testsuites name="pytest tests"><testsuite name="pytest" errors="0" failures="0" skipped="0" tests="8" time="3.552" timestamp="2026-03-12T07:05:16.682973+00:00" hostname="agent-env-a3074db0-12a1-46a9-80c1-6e46a54c77ff"><testcase classname="tests.test_saved_reels.TestSavedReelsAPI" name="test_01_login_success" time="0.364" /><testcase classname="tests.test_saved_reels.TestSavedReelsAPI" name="test_02_get_saved_videos" time="0.380" /><testcase classname="tests.test_saved_reels.TestSavedReelsAPI" name="test_03_get_available_videos" time="0.388" /><testcase classname="tests.test_saved_reels.TestSavedReelsAPI" name="test_04_save_video" time="0.538" /><testcase classname="tests.test_saved_reels.TestSavedReelsAPI" name="test_05_unsave_video" time="0.506" /><testcase classname="tests.test_saved_reels.TestSavedReelsAPI" name="test_06_save_video_again_for_ui_test" time="0.470" /><testcase classname="tests.test_saved_reels.TestSavedReelsAPI" name="test_07_auth_required_for_saved_videos" time="0.453" /><testcase classname="tests.test_saved_reels.TestSavedReelsAPI" name="test_08_video_not_found" time="0.400" /></testsuite></testsuites>