<?xml version="1.0" encoding="utf-8"?><testsuites name="pytest tests"><testsuite name="pytest" errors="0" failures="0" skipped="0" tests="11" time="4.983" timestamp="2026-03-12T07:32:17.304483+00:00" hostname="agent-env-a3074db0-12a1-46a9-80c1-6e46a54c77ff"><testcase classname="backend.tests.test_file_upload.TestImageUploadEndpoints" name="test_single_image_upload_endpoint_exists" time="0.479" /><testcase classname="backend.tests.test_file_upload.TestImageUploadEndpoints" name="test_single_image_upload_success" time="0.863" /><testcase classname="backend.tests.test_file_upload.TestImageUploadEndpoints" name="test_single_image_upload_invalid_file_type" time="0.105" /><testcase classname="backend.tests.test_file_upload.TestMultipleImageUpload" name="test_multiple_images_endpoint_exists" time="0.120" /><testcase classname="backend.tests.test_file_upload.TestMultipleImageUpload" name="test_multiple_images_upload_success" time="1.310" /><testcase classname="backend.tests.test_file_upload.TestVideoUploadEndpoint" name="test_video_upload_endpoint_exists" time="0.094" /><testcase classname="backend.tests.test_file_upload.TestVideoUploadEndpoint" name="test_video_upload_requires_auth_header" time="0.280" /><testcase classname="backend.tests.test_file_upload.TestVideoUploadEndpoint" name="test_video_upload_invalid_file_type" time="0.106" /><testcase classname="backend.tests.test_file_upload.TestVideoUploadEndpoint" name="test_video_upload_missing_required_fields" time="0.098" /><testcase classname="backend.tests.test_file_upload.TestUploadAPIResponseFormat" name="test_image_upload_json_response" time="0.573" /><testcase classname="backend.tests.test_file_upload.TestUploadAPIResponseFormat" name="test_multiple_images_json_response" time="0.853" /></testsuite></testsuites>