<?xml version="1.0" encoding="utf-8"?><testsuites name="pytest tests"><testsuite name="pytest" errors="0" failures="0" skipped="2" tests="15" time="27.875" timestamp="2026-03-12T08:36:13.264535+00:00" hostname="agent-env-a3074db0-12a1-46a9-80c1-6e46a54c77ff"><testcase classname="backend.tests.test_new_features.TestNotificationsAPI" name="test_get_notifications" time="0.596" /><testcase classname="backend.tests.test_new_features.TestNotificationsAPI" name="test_notifications_with_pagination" time="0.430" /><testcase classname="backend.tests.test_new_features.TestNotificationsAPI" name="test_mark_all_notifications_read" time="0.423" /><testcase classname="backend.tests.test_new_features.TestNotificationsAPI" name="test_notifications_require_auth" time="0.446" /><testcase classname="backend.tests.test_new_features.TestRecommendationsAPI" name="test_get_recommendations" time="19.614" /><testcase classname="backend.tests.test_new_features.TestRecommendationsAPI" name="test_recommendations_with_limit" time="3.098" /><testcase classname="backend.tests.test_new_features.TestRecommendationsAPI" name="test_recommendations_require_auth" time="0.429" /><testcase classname="backend.tests.test_new_features.TestSimilarPropertiesAPI" name="test_get_similar_properties" time="0.242" /><testcase classname="backend.tests.test_new_features.TestSimilarPropertiesAPI" name="test_similar_with_invalid_id" time="0.205" /><testcase classname="backend.tests.test_new_features.TestBoostListingAPI" name="test_boost_create_order_validation" time="0.437" /><testcase classname="backend.tests.test_new_features.TestBoostListingAPI" name="test_boost_invalid_duration" time="0.416"><skipped type="pytest.skip" message="No owner listings available">/app/backend/tests/test_new_features.py:240: No owner listings available</skipped></testcase><testcase classname="backend.tests.test_new_features.TestBoostListingAPI" name="test_boost_status_endpoint" time="0.491"><skipped type="pytest.skip" message="No owner listings available">/app/backend/tests/test_new_features.py:259: No owner listings available</skipped></testcase><testcase classname="backend.tests.test_new_features.TestBoostListingAPI" name="test_boost_requires_auth" time="0.435" /><testcase classname="backend.tests.test_new_features.TestOwnerListingsForBoost" name="test_get_owner_listings" time="0.429" /><testcase classname="backend.tests.test_new_features.TestSocketIONotifications" name="test_socket_endpoint_available" time="0.113" /></testsuite></testsuites>