<?xml version="1.0" encoding="utf-8"?><testsuites name="pytest tests"><testsuite name="pytest" errors="0" failures="1" skipped="0" tests="31" time="17.567" timestamp="2026-03-12T05:30:53.501614+00:00" hostname="agent-env-a3074db0-12a1-46a9-80c1-6e46a54c77ff"><testcase classname="backend.tests.test_gharsetu_api.TestHealthAndCategories" name="test_health_endpoint" time="0.134" /><testcase classname="backend.tests.test_gharsetu_api.TestHealthAndCategories" name="test_categories_endpoint" time="0.106" /><testcase classname="backend.tests.test_gharsetu_api.TestAuth" name="test_user_registration" time="0.356" /><testcase classname="backend.tests.test_gharsetu_api.TestAuth" name="test_user_login" time="0.660" /><testcase classname="backend.tests.test_gharsetu_api.TestAuth" name="test_login_invalid_credentials" time="0.108" /><testcase classname="backend.tests.test_gharsetu_api.TestAuth" name="test_get_current_user" time="0.108" /><testcase classname="backend.tests.test_gharsetu_api.TestListings" name="test_get_listings" time="0.102" /><testcase classname="backend.tests.test_gharsetu_api.TestListings" name="test_get_listings_by_category" time="0.557" /><testcase classname="backend.tests.test_gharsetu_api.TestListings" name="test_get_trending_listings" time="0.102" /><testcase classname="backend.tests.test_gharsetu_api.TestListings" name="test_search_listings" time="0.102" /><testcase classname="backend.tests.test_gharsetu_api.TestVideosReels" name="test_get_videos" time="0.097" /><testcase classname="backend.tests.test_gharsetu_api.TestVideosReels" name="test_get_videos_pagination" time="0.103" /><testcase classname="backend.tests.test_gharsetu_api.TestVideosReels" name="test_get_videos_by_category" time="0.097" /><testcase classname="backend.tests.test_gharsetu_api.TestVideosReels" name="test_record_video_view" time="0.209" /><testcase classname="backend.tests.test_gharsetu_api.TestAIChatbot" name="test_chat_endpoint" time="7.298" /><testcase classname="backend.tests.test_gharsetu_api.TestAIChatbot" name="test_chat_property_search" time="4.064" /><testcase classname="backend.tests.test_gharsetu_api.TestAIChatbot" name="test_chat_requires_auth" time="0.105" /><testcase classname="backend.tests.test_gharsetu_api.TestMessages" name="test_get_conversations" time="0.443" /><testcase classname="backend.tests.test_gharsetu_api.TestWishlist" name="test_get_wishlist" time="0.447" /><testcase classname="backend.tests.test_payment_api.TestPaymentConfig" name="test_payment_config_endpoint" time="0.122" /><testcase classname="backend.tests.test_payment_api.TestPaymentFlow" name="test_create_payment_order" time="0.564"><failure message="AssertionError: Failed to create order: Internal Server Error&#10;assert 500 == 200&#10; +  where 500 = &lt;Response [500]&gt;.status_code">backend/tests/test_payment_api.py:81: in test_create_payment_order
    assert response.status_code == 200, f"Failed to create order: {response.text}"
E   AssertionError: Failed to create order: Internal Server Error
E   assert 500 == 200
E    +  where 500 = &lt;Response [500]&gt;.status_code</failure></testcase><testcase classname="backend.tests.test_payment_api.TestPaymentFlow" name="test_payment_order_requires_auth" time="0.115" /><testcase classname="backend.tests.test_payment_api.TestBookingFlow" name="test_create_booking" time="0.604" /><testcase classname="backend.tests.test_payment_api.TestBookingFlow" name="test_get_user_bookings" time="0.101" /><testcase classname="backend.tests.test_payment_api.TestCategoryPages" name="test_home_category_listings" time="0.106" /><testcase classname="backend.tests.test_payment_api.TestCategoryPages" name="test_stay_category_listings" time="0.101" /><testcase classname="backend.tests.test_payment_api.TestCategoryPages" name="test_event_category_listings" time="0.112" /><testcase classname="backend.tests.test_payment_api.TestCategoryPages" name="test_services_category_listings" time="0.107" /><testcase classname="backend.tests.test_payment_api.TestCategoryPages" name="test_business_category_listings" time="0.117" /><testcase classname="backend.tests.test_payment_api.TestCategoryPages" name="test_listings_with_city_filter" time="0.117" /><testcase classname="backend.tests.test_payment_api.TestCategoryPages" name="test_listings_with_price_filter" time="0.111" /></testsuite></testsuites>