<?xml version="1.0" encoding="utf-8"?><testsuites name="pytest tests"><testsuite name="pytest" errors="0" failures="0" skipped="0" tests="23" time="7.331" timestamp="2026-03-12T06:08:59.644143+00:00" hostname="agent-env-a3074db0-12a1-46a9-80c1-6e46a54c77ff"><testcase classname="backend.tests.test_gharsetu_features.TestHealthAndBasics" name="test_health_endpoint" time="0.261" /><testcase classname="backend.tests.test_gharsetu_features.TestHealthAndBasics" name="test_categories_endpoint" time="0.100" /><testcase classname="backend.tests.test_gharsetu_features.TestVideosReelsAPI" name="test_get_videos" time="0.105" /><testcase classname="backend.tests.test_gharsetu_features.TestVideosReelsAPI" name="test_video_structure" time="0.130" /><testcase classname="backend.tests.test_gharsetu_features.TestVideosReelsAPI" name="test_video_like_requires_auth" time="0.247" /><testcase classname="backend.tests.test_gharsetu_features.TestVideosReelsAPI" name="test_video_save_requires_auth" time="0.210" /><testcase classname="backend.tests.test_gharsetu_features.TestAuthAndUserFlow" name="test_register_user" time="0.327" /><testcase classname="backend.tests.test_gharsetu_features.TestAuthAndUserFlow" name="test_login_user" time="0.724" /><testcase classname="backend.tests.test_gharsetu_features.TestFollowAPI" name="test_follow_requires_auth" time="0.206" /><testcase classname="backend.tests.test_gharsetu_features.TestFollowAPI" name="test_follow_user" time="0.550" /><testcase classname="backend.tests.test_gharsetu_features.TestFollowAPI" name="test_unfollow_user" time="0.245" /><testcase classname="backend.tests.test_gharsetu_features.TestFollowAPI" name="test_get_user_profile" time="0.207" /><testcase classname="backend.tests.test_gharsetu_features.TestMessagingAPI" name="test_send_message_requires_auth" time="0.108" /><testcase classname="backend.tests.test_gharsetu_features.TestMessagingAPI" name="test_send_message" time="0.518" /><testcase classname="backend.tests.test_gharsetu_features.TestMessagingAPI" name="test_get_conversations" time="0.106" /><testcase classname="backend.tests.test_gharsetu_features.TestListingsAPI" name="test_get_listings" time="0.108" /><testcase classname="backend.tests.test_gharsetu_features.TestListingsAPI" name="test_listing_detail" time="0.215" /><testcase classname="backend.tests.test_gharsetu_features.TestListingsAPI" name="test_listing_categories_filter" time="0.335" /><testcase classname="backend.tests.test_gharsetu_features.TestPaymentAPI" name="test_payment_config" time="0.099" /><testcase classname="backend.tests.test_gharsetu_features.TestPaymentAPI" name="test_create_payment_order" time="1.463" /><testcase classname="backend.tests.test_gharsetu_features.TestVideoUploadAPI" name="test_video_upload_endpoint_exists" time="0.766" /><testcase classname="backend.tests.test_gharsetu_features.TestMobileResponsive" name="test_listings_pagination" time="0.101" /><testcase classname="backend.tests.test_gharsetu_features.TestMobileResponsive" name="test_videos_pagination" time="0.101" /></testsuite></testsuites>